C:\PRODUCTS\OSBDM\OSBDM-JM60_B26_05062010_WINDOWS_MODIFIED\OSBDM-SW\OSBDM-PC\OSBDMUSB\BIN\OSBDM-JM60.DLL
C:\products\osbdm\osbdm-JM60_b26_05062010_windows_modified\osbdm-sw\osbdm-pc\osbdmusb\bin\osbdm-jm60.exp
C:\products\osbdm\osbdm-JM60_b26_05062010_windows_modified\osbdm-sw\osbdm-pc\osbdmusb\bin\osbdm-jm60.lib
C:\products\osbdm\osbdm-JM60_b26_05062010_windows_modified\osbdm-sw\osbdm-pc\osbdmusb\src\Release\cl.command.1.tlog
C:\products\osbdm\osbdm-JM60_b26_05062010_windows_modified\osbdm-sw\osbdm-pc\osbdmusb\src\Release\CL.read.1.tlog
C:\products\osbdm\osbdm-JM60_b26_05062010_windows_modified\osbdm-sw\osbdm-pc\osbdmusb\src\Release\CL.write.1.tlog
C:\products\osbdm\osbdm-JM60_b26_05062010_windows_modified\osbdm-sw\osbdm-pc\osbdmusb\src\Release\link.command.1.tlog
C:\products\osbdm\osbdm-JM60_b26_05062010_windows_modified\osbdm-sw\osbdm-pc\osbdmusb\src\Release\link.read.1.tlog
C:\products\osbdm\osbdm-JM60_b26_05062010_windows_modified\osbdm-sw\osbdm-pc\osbdmusb\src\Release\link.write.1.tlog
C:\products\osbdm\osbdm-JM60_b26_05062010_windows_modified\osbdm-sw\osbdm-pc\osbdmusb\src\Release\link-cvtres.read.1.tlog
C:\products\osbdm\osbdm-JM60_b26_05062010_windows_modified\osbdm-sw\osbdm-pc\osbdmusb\src\Release\link-cvtres.write.1.tlog
C:\PRODUCTS\OSBDM\OSBDM-JM60_B26_05062010_WINDOWS_MODIFIED\OSBDM-SW\OSBDM-PC\OSBDMUSB\SRC\RELEASE\LOG.OBJ
C:\products\osbdm\osbdm-JM60_b26_05062010_windows_modified\osbdm-sw\osbdm-pc\osbdmusb\src\Release\mt.command.1.tlog
C:\products\osbdm\osbdm-JM60_b26_05062010_windows_modified\osbdm-sw\osbdm-pc\osbdmusb\src\Release\mt.read.1.tlog
C:\products\osbdm\osbdm-JM60_b26_05062010_windows_modified\osbdm-sw\osbdm-pc\osbdmusb\src\Release\mt.write.1.tlog
C:\PRODUCTS\OSBDM\OSBDM-JM60_B26_05062010_WINDOWS_MODIFIED\OSBDM-SW\OSBDM-PC\OSBDMUSB\SRC\RELEASE\OSBDM_API.OBJ
C:\PRODUCTS\OSBDM\OSBDM-JM60_B26_05062010_WINDOWS_MODIFIED\OSBDM-SW\OSBDM-PC\OSBDMUSB\SRC\RELEASE\OSBDM_BASE.OBJ
C:\PRODUCTS\OSBDM\OSBDM-JM60_B26_05062010_WINDOWS_MODIFIED\OSBDM-SW\OSBDM-PC\OSBDMUSB\SRC\RELEASE\OSBDM_DLL.OBJ
C:\PRODUCTS\OSBDM\OSBDM-JM60_B26_05062010_WINDOWS_MODIFIED\OSBDM-SW\OSBDM-PC\OSBDMUSB\SRC\RELEASE\OSBDM_DLL.RES
C:\products\osbdm\osbdm-JM60_b26_05062010_windows_modified\osbdm-sw\osbdm-pc\osbdmusb\src\Release\osbdm_dll.write.1.tlog
C:\PRODUCTS\OSBDM\OSBDM-JM60_B26_05062010_WINDOWS_MODIFIED\OSBDM-SW\OSBDM-PC\OSBDMUSB\SRC\RELEASE\OSBDM_USB.OBJ
C:\PRODUCTS\OSBDM\OSBDM-JM60_B26_05062010_WINDOWS_MODIFIED\OSBDM-SW\OSBDM-PC\OSBDMUSB\SRC\RELEASE\OSBDM_UTILS.OBJ
C:\PRODUCTS\OSBDM\OSBDM-JM60_B26_05062010_WINDOWS_MODIFIED\OSBDM-SW\OSBDM-PC\OSBDMUSB\SRC\RELEASE\OSBDM-JM60.PDB
C:\PRODUCTS\OSBDM\OSBDM-JM60_B26_05062010_WINDOWS_MODIFIED\OSBDM-SW\OSBDM-PC\OSBDMUSB\SRC\RELEASE\PEOSBDMV1.DLL.INTERMEDIATE.MANIFEST
C:\products\osbdm\osbdm-JM60_b26_05062010_windows_modified\osbdm-sw\osbdm-pc\osbdmusb\src\Release\rc.command.1.tlog
C:\products\osbdm\osbdm-JM60_b26_05062010_windows_modified\osbdm-sw\osbdm-pc\osbdmusb\src\Release\rc.read.1.tlog
C:\products\osbdm\osbdm-JM60_b26_05062010_windows_modified\osbdm-sw\osbdm-pc\osbdmusb\src\Release\rc.write.1.tlog
C:\PRODUCTS\OSBDM\OSBDM-JM60_B26_05062010_WINDOWS_MODIFIED\OSBDM-SW\OSBDM-PC\OSBDMUSB\SRC\RELEASE\VC100.PDB
